0 info it worked if it ends with ok
1 verbose cli [ '/usr/bin/node', '/usr/bin/npm', 'install', 'http-server-cli' ]
2 info using npm@1.4.28
3 info using node@v0.10.33
4 verbose node symlink /usr/bin/node
5 warn package.json karma-chrome-launcher@0.1.7 No README data
6 warn package.json rjs-build-analysis@0.0.3 No repository field.
7 verbose readDependencies using package.json deps
8 verbose cache add [ 'http-server-cli', null ]
9 verbose cache add name=undefined spec="http-server-cli" args=["http-server-cli",null]
10 verbose parsed url { protocol: null,
10 verbose parsed url   slashes: null,
10 verbose parsed url   auth: null,
10 verbose parsed url   host: null,
10 verbose parsed url   port: null,
10 verbose parsed url   hostname: null,
10 verbose parsed url   hash: null,
10 verbose parsed url   search: null,
10 verbose parsed url   query: null,
10 verbose parsed url   pathname: 'http-server-cli',
10 verbose parsed url   path: 'http-server-cli',
10 verbose parsed url   href: 'http-server-cli' }
11 silly lockFile e0b3e788-http-server-cli http-server-cli
12 verbose lock http-server-cli /home/tino/.npm/e0b3e788-http-server-cli.lock
13 silly lockFile e0b3e788-http-server-cli http-server-cli
14 silly lockFile e0b3e788-http-server-cli http-server-cli
15 verbose addNamed [ 'http-server-cli', '' ]
16 verbose addNamed [ null, '*' ]
17 silly lockFile e3b6b525-http-server-cli http-server-cli@
18 verbose lock http-server-cli@ /home/tino/.npm/e3b6b525-http-server-cli.lock
19 silly addNameRange { name: 'http-server-cli', range: '*', hasData: false }
20 verbose request where is /http-server-cli
21 verbose request registry https://registry.npmjs.org/
22 verbose request id 84494f10606578ef
23 verbose url raw /http-server-cli
24 verbose url resolving [ 'https://registry.npmjs.org/', './http-server-cli' ]
25 verbose url resolved https://registry.npmjs.org/http-server-cli
26 verbose request where is https://registry.npmjs.org/http-server-cli
27 info trying registry request attempt 1 at 11:22:21
28 http GET https://registry.npmjs.org/http-server-cli
29 http 404 https://registry.npmjs.org/http-server-cli
30 verbose headers { date: 'Thu, 11 Dec 2014 10:22:22 GMT',
30 verbose headers   server: 'CouchDB/1.5.0 (Erlang OTP/R14B04)',
30 verbose headers   'content-type': 'application/json',
30 verbose headers   'cache-control': 'max-age=0',
30 verbose headers   'content-length': '52',
30 verbose headers   'accept-ranges': 'bytes',
30 verbose headers   via: '1.1 varnish',
30 verbose headers   age: '0',
30 verbose headers   'x-served-by': 'cache-fra1228-FRA',
30 verbose headers   'x-cache': 'MISS',
30 verbose headers   'x-cache-hits': '0',
30 verbose headers   'x-timer': 'S1418293342.343049,VS0,VE113',
30 verbose headers   'keep-alive': 'timeout=10, max=50',
30 verbose headers   connection: 'Keep-Alive' }
31 silly registry.get cb [ 404,
31 silly registry.get   { date: 'Thu, 11 Dec 2014 10:22:22 GMT',
31 silly registry.get     server: 'CouchDB/1.5.0 (Erlang OTP/R14B04)',
31 silly registry.get     'content-type': 'application/json',
31 silly registry.get     'cache-control': 'max-age=0',
31 silly registry.get     'content-length': '52',
31 silly registry.get     'accept-ranges': 'bytes',
31 silly registry.get     via: '1.1 varnish',
31 silly registry.get     age: '0',
31 silly registry.get     'x-served-by': 'cache-fra1228-FRA',
31 silly registry.get     'x-cache': 'MISS',
31 silly registry.get     'x-cache-hits': '0',
31 silly registry.get     'x-timer': 'S1418293342.343049,VS0,VE113',
31 silly registry.get     'keep-alive': 'timeout=10, max=50',
31 silly registry.get     connection: 'Keep-Alive' } ]
32 silly lockFile e3b6b525-http-server-cli http-server-cli@
33 silly lockFile e3b6b525-http-server-cli http-server-cli@
34 error 404 404 Not Found: http-server-cli
34 error 404
34 error 404 'http-server-cli' is not in the npm registry.
34 error 404 You should bug the author to publish it
34 error 404 It was specified as a dependency of 'banana'
34 error 404
34 error 404 Note that you can also install from a
34 error 404 tarball, folder, or http url, or git url.
35 error System Linux 3.13.0-40-generic
36 error command "/usr/bin/node" "/usr/bin/npm" "install" "http-server-cli"
37 error cwd /home/tino/git/banana
38 error node -v v0.10.33
39 error npm -v 1.4.28
40 error code E404
41 verbose exit [ 1, true ]
